Build started 25.05.2015 14:50:17.
     1>Project "C:\projects\caesaria\steam\helper\steam_helper.vcxproj" on node 2 (Rebuild target(s)).
     1>ClCompile:
         C:\Program Files (x86)\Microsoft Visual Studio 12.0\VC\bin\CL.exe /c /I../public/steam /Zi /nologo /W3 /WX- /O1 /Oi /Oy- /D WIN32 /D NDEBUG /D _LIB /D _WINDLL /D _UNICODE /D UNICODE /D SHELPER_API_EXPORTS /Gm- /EHsc /MT /GS /Gy /fp:precise /Zc:wchar_t /Zc:forScope /Fo"Release\\" /Fd"Release\vc120.pdb" /Gd /TP /analyze- /errorReport:prompt helper.cpp
         helper.cpp
     1>c:\projects\caesaria\steam\public\steam\matchmakingtypes.h(45): warning C4996: 'strncpy': This function or variable may be unsafe. Consider using strncpy_s instead. To disable deprecation, use _CRT_SECURE_NO_WARNINGS. See online help for details.
                 C:\Program Files (x86)\Microsoft Visual Studio 12.0\VC\include\string.h(195) : see declaration of 'strncpy'
     1>c:\projects\caesaria\steam\public\steam\matchmakingtypes.h(47): warning C4996: 'strncpy': This function or variable may be unsafe. Consider using strncpy_s instead. To disable deprecation, use _CRT_SECURE_NO_WARNINGS. See online help for details.
                 C:\Program Files (x86)\Microsoft Visual Studio 12.0\VC\include\string.h(195) : see declaration of 'strncpy'
     1>c:\projects\caesaria\steam\public\steam\matchmakingtypes.h(159): warning C4996: '_snprintf': This function or variable may be unsafe. Consider using _snprintf_s instead. To disable deprecation, use _CRT_SECURE_NO_WARNINGS. See online help for details.
                 C:\Program Files (x86)\Microsoft Visual Studio 12.0\VC\include\stdio.h(346) : see declaration of '_snprintf'
     1>c:\projects\caesaria\steam\public\steam\matchmakingtypes.h(244): warning C4996: 'strncpy': This function or variable may be unsafe. Consider using strncpy_s instead. To disable deprecation, use _CRT_SECURE_NO_WARNINGS. See online help for details.
                 C:\Program Files (x86)\Microsoft Visual Studio 12.0\VC\include\string.h(195) : see declaration of 'strncpy'
     1>helper.cpp(76): warning C4996: 'sprintf': This function or variable may be unsafe. Consider using sprintf_s instead. To disable deprecation, use _CRT_SECURE_NO_WARNINGS. See online help for details.
                 C:\Program Files (x86)\Microsoft Visual Studio 12.0\VC\include\stdio.h(356) : see declaration of 'sprintf'
       Link:
         C:\Program Files (x86)\Microsoft Visual Studio 12.0\VC\bin\link.exe /ERRORREPORT:PROMPT /OUT:"C:\projects\caesaria\steam\helper\steam_helper.dll" /NOLOGO /MANIFEST /MANIFESTUAC:"level='asInvoker' uiAccess='false'" /manifest:embed /manifestinput:"C:\Program Files (x86)\Microsoft Visual Studio 12.0\VC\Include\Manifest\dpiaware.manifest" /DEBUG /PDB:"C:\projects\caesaria\steam\helper\steam_helper.pdb" /SUBSYSTEM:WINDOWS /OPT:REF /OPT:ICF /TLBID:1 /DYNAMICBASE /NXCOMPAT /IMPLIB:"C:\projects\caesaria\steam\helper\steam_helper.lib" /MACHINE:X86 /SAFESEH /DLL Release\helper.obj
            Creating library C:\projects\caesaria\steam\helper\steam_helper.lib and object C:\projects\caesaria\steam\helper\steam_helper.exp
         steam_helper.vcxproj -> C:\projects\caesaria\steam\helper\steam_helper.dll
     1>Done Building Project "C:\projects\caesaria\steam\helper\steam_helper.vcxproj" (Rebuild target(s)).

Build succeeded.

Time Elapsed 00:00:00.64
